{
  "uuid": "977433c8-fc91-485c-ba8c-53d04d2cc4b9",
  "historyId": "e1db6fa7721b0dd4e1f6278c75a26c50",
  "testCaseId": "fea18988bdedfd8ff1600ba4bcfc9ddf",
  "fullName": "ReqnrollTestMP/Features/AcceptTermsandConditions/Validation for Click event on continue in the AcceptTermsAndConditions page",
  "labels": [
    {
      "name": "host",
      "value": "DESKTOP-ULEULOQ"
    },
    {
      "name": "thread",
      "value": "NonParallelWorker"
    },
    {
      "name": "language",
      "value": "C#"
    },
    {
      "name": "framework",
      "value": "Reqnroll"
    },
    {
      "name": "package",
      "value": "Features.AcceptTermsandConditions"
    },
    {
      "name": "feature",
      "value": "AcceptTermsandConditions"
    }
  ],
  "links": [],
  "name": "Validation for Click event on continue in the AcceptTermsAndConditions page",
  "status": "broken",
  "statusDetails": {
    "known": false,
    "muted": false,
    "flaky": false,
    "message": "An element could not be located on the page using the given search parameters.; For documentation on this error, please visit: https://www.selenium.dev/documentation/webdriver/troubleshooting/errors#no-such-element-exception",
    "trace": "OpenQA.Selenium.NoSuchElementException: An element could not be located on the page using the given search parameters.; For documentation on this error, please visit: https://www.selenium.dev/documentation/webdriver/troubleshooting/errors#no-such-element-exception\r\n   at OpenQA.Selenium.WebDriver.UnpackAndThrowOnError(Response errorResponse, String commandToExecute)\r\n   at OpenQA.Selenium.WebDriver.ExecuteAsync(String driverCommandToExecute, Dictionary`2 parameters)\r\n   at OpenQA.Selenium.WebDriver.Execute(String driverCommandToExecute, Dictionary`2 parameters)\r\n   at OpenQA.Selenium.Appium.AppiumDriver.Execute(String driverCommandToExecute, Dictionary`2 parameters)\r\n   at OpenQA.Selenium.WebDriver.FindElement(String mechanism, String value)\r\n   at OpenQA.Selenium.Appium.AppiumDriver.FindElement(String by, String value)\r\n   at OpenQA.Selenium.Appium.MobileBy.FindElement(ISearchContext context)\r\n   at OpenQA.Selenium.Appium.ByAndroidUIAutomator.FindElement(ISearchContext context)\r\n   at OpenQA.Selenium.WebDriver.FindElement(By by)\r\n   at OpenQA.Selenium.Appium.AppiumDriver.FindElement(By by)\r\n   at ReqnrollTestMP.Helpers.controls.safeClick(String elementText) in C:\\Users\\iray\\source\\repos\\Automation\\ReqnrollTestMP\\ReqnrollTestMP\\Helpers\\controls.cs:line 18\r\n   at ReqnrollTestMP.StepDefinitions.stepdefinations.WhenClick(String aboutPlugin) in C:\\Users\\iray\\source\\repos\\Automation\\ReqnrollTestMP\\ReqnrollTestMP\\StepDefinitions\\stepdefinations.cs:line 21\r\n   at InvokeStub_Action`2.Invoke(Object, Span`1)\r\n   at System.Reflection.MethodBaseInvoker.InvokeWithFewArgs(Object obj, BindingFlags invokeAttr, Binder binder, Object[] parameters, CultureInfo culture)\r\n--- End of stack trace from previous location ---\r\n   at Reqnroll.Bindings.BindingInvoker.InvokeBindingAsync(IBinding binding, IContextManager contextManager, Object[] arguments, ITestTracer testTracer, DurationHolder durationHolder)\r\n   at Reqnroll.Infrastructure.TestExecutionEngine.ExecuteStepMatchAsync(BindingMatch match, Object[] arguments, DurationHolder durationHolder)\r\n   at Reqnroll.Infrastructure.TestExecutionEngine.ExecuteStepAsync(IContextManager contextManager, StepInstance stepInstance)\r\n   at Reqnroll.Infrastructure.TestExecutionEngine.OnAfterLastStepAsync()\r\n   at Reqnroll.TestRunner.CollectScenarioErrorsAsync()\r\n   at Allure.ReqnrollPlugin.SelectiveRun.TestPlanAwareTestRunner.CollectScenarioErrorsAsync()\r\n   at ReqnrollTestMP.Features.AcceptTermsandConditionsFeature.ScenarioCleanupAsync()\r\n   at ReqnrollTestMP.Features.AcceptTermsandConditionsFeature.ValidationForClickEventOnContinueInTheAcceptTermsAndConditionsPage() in C:\\Users\\iray\\source\\repos\\Automation\\ReqnrollTestMP\\ReqnrollTestMP\\Features\\AcceptTermsandConditions.feature:line 41\r\n   at NUnit.Framework.Internal.TaskAwaitAdapter.GenericAdapter`1.GetResult()\r\n   at NUnit.Framework.Internal.AsyncToSyncAdapter.Await(Func`1 invoke)\r\n   at NUnit.Framework.Internal.Commands.TestMethodCommand.RunTestMethod(TestExecutionContext context)\r\n   at NUnit.Framework.Internal.Commands.TestMethodCommand.Execute(TestExecutionContext context)\r\n   at NUnit.Framework.Internal.Commands.BeforeAndAfterTestCommand.<>c__DisplayClass1_0.<Execute>b__0()\r\n   at NUnit.Framework.Internal.Commands.DelegatingTestCommand.RunTestMethodInThreadAbortSafeZone(TestExecutionContext context, Action action)"
  },
  "stage": "finished",
  "steps": [
    {
      "name": "Given app is launched",
      "status": "passed",
      "statusDetails": {
        "known": false,
        "muted": false,
        "flaky": false
      },
      "stage": "finished",
      "steps": [],
      "attachments": [],
      "parameters": [],
      "start": 1747038069226,
      "stop": 1747038070238
    },
    {
      "name": "When click \"AcceptTermsAndConditionsPlugin\"",
      "status": "broken",
      "statusDetails": {
        "known": false,
        "muted": false,
        "flaky": false,
        "message": "An element could not be located on the page using the given search parameters.; For documentation on this error, please visit: https://www.selenium.dev/documentation/webdriver/troubleshooting/errors#no-such-element-exception",
        "trace": "OpenQA.Selenium.NoSuchElementException: An element could not be located on the page using the given search parameters.; For documentation on this error, please visit: https://www.selenium.dev/documentation/webdriver/troubleshooting/errors#no-such-element-exception\r\n   at OpenQA.Selenium.WebDriver.UnpackAndThrowOnError(Response errorResponse, String commandToExecute)\r\n   at OpenQA.Selenium.WebDriver.ExecuteAsync(String driverCommandToExecute, Dictionary`2 parameters)\r\n   at OpenQA.Selenium.WebDriver.Execute(String driverCommandToExecute, Dictionary`2 parameters)\r\n   at OpenQA.Selenium.Appium.AppiumDriver.Execute(String driverCommandToExecute, Dictionary`2 parameters)\r\n   at OpenQA.Selenium.WebDriver.FindElement(String mechanism, String value)\r\n   at OpenQA.Selenium.Appium.AppiumDriver.FindElement(String by, String value)\r\n   at OpenQA.Selenium.Appium.MobileBy.FindElement(ISearchContext context)\r\n   at OpenQA.Selenium.Appium.ByAndroidUIAutomator.FindElement(ISearchContext context)\r\n   at OpenQA.Selenium.WebDriver.FindElement(By by)\r\n   at OpenQA.Selenium.Appium.AppiumDriver.FindElement(By by)\r\n   at ReqnrollTestMP.Helpers.controls.safeClick(String elementText) in C:\\Users\\iray\\source\\repos\\Automation\\ReqnrollTestMP\\ReqnrollTestMP\\Helpers\\controls.cs:line 18\r\n   at ReqnrollTestMP.StepDefinitions.stepdefinations.WhenClick(String aboutPlugin) in C:\\Users\\iray\\source\\repos\\Automation\\ReqnrollTestMP\\ReqnrollTestMP\\StepDefinitions\\stepdefinations.cs:line 21\r\n   at InvokeStub_Action`2.Invoke(Object, Span`1)\r\n   at System.Reflection.MethodBaseInvoker.InvokeWithFewArgs(Object obj, BindingFlags invokeAttr, Binder binder, Object[] parameters, CultureInfo culture)\r\n--- End of stack trace from previous location ---\r\n   at Reqnroll.Bindings.BindingInvoker.InvokeBindingAsync(IBinding binding, IContextManager contextManager, Object[] arguments, ITestTracer testTracer, DurationHolder durationHolder)\r\n   at Reqnroll.Infrastructure.TestExecutionEngine.ExecuteStepMatchAsync(BindingMatch match, Object[] arguments, DurationHolder durationHolder)\r\n   at Reqnroll.Infrastructure.TestExecutionEngine.ExecuteStepAsync(IContextManager contextManager, StepInstance stepInstance)"
      },
      "stage": "finished",
      "steps": [],
      "attachments": [],
      "parameters": [],
      "start": 1747038070238,
      "stop": 1747038074039
    },
    {
      "name": "When Mark on the \"checkbox\"",
      "status": "skipped",
      "statusDetails": {
        "known": false,
        "muted": false,
        "flaky": false
      },
      "stage": "finished",
      "steps": [],
      "attachments": [],
      "parameters": [],
      "start": 1747038074041,
      "stop": 1747038074041
    },
    {
      "name": "When App enables the \"continue\" button to click",
      "status": "skipped",
      "statusDetails": {
        "known": false,
        "muted": false,
        "flaky": false
      },
      "stage": "finished",
      "steps": [],
      "attachments": [],
      "parameters": [],
      "start": 1747038074041,
      "stop": 1747038074041
    },
    {
      "name": "When I click on \"continue\"",
      "status": "skipped",
      "statusDetails": {
        "known": false,
        "muted": false,
        "flaky": false
      },
      "stage": "finished",
      "steps": [],
      "attachments": [],
      "parameters": [],
      "start": 1747038074041,
      "stop": 1747038074041
    },
    {
      "name": "Then App navigates to the \"Main page\"",
      "status": "skipped",
      "statusDetails": {
        "known": false,
        "muted": false,
        "flaky": false
      },
      "stage": "finished",
      "steps": [],
      "attachments": [],
      "parameters": [],
      "start": 1747038074041,
      "stop": 1747038074041
    }
  ],
  "attachments": [],
  "parameters": [],
  "start": 1747038069226,
  "stop": 1747038074044
}