{
  "uuid": "cae67059-ce4c-47ba-8576-fed9a779bd7c",
  "historyId": "e4cfb03d6934cddec31e1f18b90122f9",
  "testCaseId": "fd6e922579877780fb586019ecf90a48",
  "fullName": "ReqnrollTestMP/Features/AcceptTermsandConditions/Validation for Terms and conditions and privacy policy links on the AcceptTermsAndConditions page",
  "labels": [
    {
      "name": "host",
      "value": "DESKTOP-ULEULOQ"
    },
    {
      "name": "thread",
      "value": "NonParallelWorker"
    },
    {
      "name": "language",
      "value": "C#"
    },
    {
      "name": "framework",
      "value": "Reqnroll"
    },
    {
      "name": "package",
      "value": "Features.AcceptTermsandConditions"
    },
    {
      "name": "feature",
      "value": "AcceptTermsandConditions"
    }
  ],
  "links": [],
  "name": "Validation for Terms and conditions and privacy policy links on the AcceptTermsAndConditions page",
  "status": "broken",
  "statusDetails": {
    "known": false,
    "muted": false,
    "flaky": false,
    "message": "An unknown server-side error occurred while processing the command. Original error: Could not proxy command to the remote server. Original error: socket hang up",
    "trace": "OpenQA.Selenium.UnknownErrorException: An unknown server-side error occurred while processing the command. Original error: Could not proxy command to the remote server. Original error: socket hang up\r\n   at OpenQA.Selenium.WebDriver.UnpackAndThrowOnError(Response errorResponse, String commandToExecute)\r\n   at OpenQA.Selenium.WebDriver.ExecuteAsync(String driverCommandToExecute, Dictionary`2 parameters)\r\n   at OpenQA.Selenium.WebDriver.Execute(String driverCommandToExecute, Dictionary`2 parameters)\r\n   at OpenQA.Selenium.WebDriver.FindElement(String mechanism, String value)\r\n   at OpenQA.Selenium.Appium.AppiumDriver.FindElement(String by, String value)\r\n   at OpenQA.Selenium.Appium.MobileBy.FindElement(ISearchContext context)\r\n   at OpenQA.Selenium.Appium.ByAndroidUIAutomator.FindElement(ISearchContext context)\r\n   at OpenQA.Selenium.WebDriver.FindElement(By by)\r\n   at OpenQA.Selenium.Appium.AppiumDriver.FindElement(By by)\r\n   at ReqnrollTestMP.Helpers.controls.safeClick(String elementText) in C:\\Users\\iray\\source\\repos\\Automation\\ReqnrollTestMP\\ReqnrollTestMP\\Helpers\\controls.cs:line 18\r\n   at ReqnrollTestMP.StepDefinitions.stepdefinations.WhenClick(String aboutPlugin) in C:\\Users\\iray\\source\\repos\\Automation\\ReqnrollTestMP\\ReqnrollTestMP\\StepDefinitions\\stepdefinations.cs:line 21\r\n   at InvokeStub_Action`2.Invoke(Object, Span`1)\r\n   at System.Reflection.MethodBaseInvoker.InvokeWithFewArgs(Object obj, BindingFlags invokeAttr, Binder binder, Object[] parameters, CultureInfo culture)\r\n--- End of stack trace from previous location ---\r\n   at Reqnroll.Bindings.BindingInvoker.InvokeBindingAsync(IBinding binding, IContextManager contextManager, Object[] arguments, ITestTracer testTracer, DurationHolder durationHolder)\r\n   at Reqnroll.Infrastructure.TestExecutionEngine.ExecuteStepMatchAsync(BindingMatch match, Object[] arguments, DurationHolder durationHolder)\r\n   at Reqnroll.Infrastructure.TestExecutionEngine.ExecuteStepAsync(IContextManager contextManager, StepInstance stepInstance)\r\n   at Reqnroll.Infrastructure.TestExecutionEngine.OnAfterLastStepAsync()\r\n   at Reqnroll.TestRunner.CollectScenarioErrorsAsync()\r\n   at Allure.ReqnrollPlugin.SelectiveRun.TestPlanAwareTestRunner.CollectScenarioErrorsAsync()\r\n   at ReqnrollTestMP.Features.AcceptTermsandConditionsFeature.ScenarioCleanupAsync()\r\n   at ReqnrollTestMP.Features.AcceptTermsandConditionsFeature.ValidationForTermsAndConditionsAndPrivacyPolicyLinksOnTheAcceptTermsAndConditionsPage(String linkName, String message, String[] exampleTags) in C:\\Users\\iray\\source\\repos\\Automation\\ReqnrollTestMP\\ReqnrollTestMP\\Features\\AcceptTermsandConditions.feature:line 18\r\n   at NUnit.Framework.Internal.TaskAwaitAdapter.GenericAdapter`1.GetResult()\r\n   at NUnit.Framework.Internal.AsyncToSyncAdapter.Await(Func`1 invoke)\r\n   at NUnit.Framework.Internal.Commands.TestMethodCommand.RunTestMethod(TestExecutionContext context)\r\n   at NUnit.Framework.Internal.Commands.TestMethodCommand.Execute(TestExecutionContext context)\r\n   at NUnit.Framework.Internal.Commands.BeforeAndAfterTestCommand.<>c__DisplayClass1_0.<Execute>b__0()\r\n   at NUnit.Framework.Internal.Commands.DelegatingTestCommand.RunTestMethodInThreadAbortSafeZone(TestExecutionContext context, Action action)"
  },
  "stage": "finished",
  "steps": [
    {
      "name": "Given app is launched",
      "status": "passed",
      "statusDetails": {
        "known": false,
        "muted": false,
        "flaky": false
      },
      "stage": "finished",
      "steps": [],
      "attachments": [],
      "parameters": [],
      "start": 1747220964931,
      "stop": 1747220965941
    },
    {
      "name": "When click \"AcceptTermsAndConditionsPlugin\"",
      "status": "broken",
      "statusDetails": {
        "known": false,
        "muted": false,
        "flaky": false,
        "message": "An unknown server-side error occurred while processing the command. Original error: Could not proxy command to the remote server. Original error: socket hang up",
        "trace": "OpenQA.Selenium.UnknownErrorException: An unknown server-side error occurred while processing the command. Original error: Could not proxy command to the remote server. Original error: socket hang up\r\n   at OpenQA.Selenium.WebDriver.UnpackAndThrowOnError(Response errorResponse, String commandToExecute)\r\n   at OpenQA.Selenium.WebDriver.ExecuteAsync(String driverCommandToExecute, Dictionary`2 parameters)\r\n   at OpenQA.Selenium.WebDriver.Execute(String driverCommandToExecute, Dictionary`2 parameters)\r\n   at OpenQA.Selenium.WebDriver.FindElement(String mechanism, String value)\r\n   at OpenQA.Selenium.Appium.AppiumDriver.FindElement(String by, String value)\r\n   at OpenQA.Selenium.Appium.MobileBy.FindElement(ISearchContext context)\r\n   at OpenQA.Selenium.Appium.ByAndroidUIAutomator.FindElement(ISearchContext context)\r\n   at OpenQA.Selenium.WebDriver.FindElement(By by)\r\n   at OpenQA.Selenium.Appium.AppiumDriver.FindElement(By by)\r\n   at ReqnrollTestMP.Helpers.controls.safeClick(String elementText) in C:\\Users\\iray\\source\\repos\\Automation\\ReqnrollTestMP\\ReqnrollTestMP\\Helpers\\controls.cs:line 18\r\n   at ReqnrollTestMP.StepDefinitions.stepdefinations.WhenClick(String aboutPlugin) in C:\\Users\\iray\\source\\repos\\Automation\\ReqnrollTestMP\\ReqnrollTestMP\\StepDefinitions\\stepdefinations.cs:line 21\r\n   at InvokeStub_Action`2.Invoke(Object, Span`1)\r\n   at System.Reflection.MethodBaseInvoker.InvokeWithFewArgs(Object obj, BindingFlags invokeAttr, Binder binder, Object[] parameters, CultureInfo culture)\r\n--- End of stack trace from previous location ---\r\n   at Reqnroll.Bindings.BindingInvoker.InvokeBindingAsync(IBinding binding, IContextManager contextManager, Object[] arguments, ITestTracer testTracer, DurationHolder durationHolder)\r\n   at Reqnroll.Infrastructure.TestExecutionEngine.ExecuteStepMatchAsync(BindingMatch match, Object[] arguments, DurationHolder durationHolder)\r\n   at Reqnroll.Infrastructure.TestExecutionEngine.ExecuteStepAsync(IContextManager contextManager, StepInstance stepInstance)"
      },
      "stage": "finished",
      "steps": [],
      "attachments": [],
      "parameters": [],
      "start": 1747220965942,
      "stop": 1747220966944
    },
    {
      "name": "When I click on \"Terms and conditions\"",
      "status": "skipped",
      "statusDetails": {
        "known": false,
        "muted": false,
        "flaky": false
      },
      "stage": "finished",
      "steps": [],
      "attachments": [],
      "parameters": [],
      "start": 1747220966944,
      "stop": 1747220966944
    },
    {
      "name": "Then App navigates to \"Terms and conditions page\"",
      "status": "skipped",
      "statusDetails": {
        "known": false,
        "muted": false,
        "flaky": false
      },
      "stage": "finished",
      "steps": [],
      "attachments": [],
      "parameters": [],
      "start": 1747220966944,
      "stop": 1747220966944
    },
    {
      "name": "When I click on \"close\"",
      "status": "skipped",
      "statusDetails": {
        "known": false,
        "muted": false,
        "flaky": false
      },
      "stage": "finished",
      "steps": [],
      "attachments": [],
      "parameters": [],
      "start": 1747220966944,
      "stop": 1747220966944
    },
    {
      "name": "Then App navigates to \"mainpage\"",
      "status": "skipped",
      "statusDetails": {
        "known": false,
        "muted": false,
        "flaky": false
      },
      "stage": "finished",
      "steps": [],
      "attachments": [],
      "parameters": [],
      "start": 1747220966944,
      "stop": 1747220966944
    }
  ],
  "attachments": [],
  "parameters": [
    {
      "name": "link name",
      "value": "\"Terms and conditions\"",
      "excluded": false
    },
    {
      "name": "message",
      "value": "\"Terms and conditions page\"",
      "excluded": false
    }
  ],
  "start": 1747220964931,
  "stop": 1747220966945
}