{
  "uuid": "f97ee056-2336-4469-8d50-73a6e9bcbb0d",
  "historyId": "46221c7a2bc6419ed0231d591ee26f09",
  "testCaseId": "5e9db6c86fc8e716dc16dad843e30b47",
  "fullName": "ReqnrollTestMP/Features/About plugin validations/Validations for body in Help section in app",
  "labels": [
    {
      "name": "host",
      "value": "DESKTOP-ULEULOQ"
    },
    {
      "name": "thread",
      "value": "NonParallelWorker"
    },
    {
      "name": "language",
      "value": "C#"
    },
    {
      "name": "framework",
      "value": "Reqnroll"
    },
    {
      "name": "package",
      "value": "Features.About plugin validations"
    },
    {
      "name": "feature",
      "value": "About plugin validations"
    }
  ],
  "links": [],
  "name": "Validations for body in Help section in app",
  "status": "broken",
  "statusDetails": {
    "known": false,
    "muted": false,
    "flaky": false,
    "message": "An unknown server-side error occurred while processing the command. Original error: Could not proxy command to the remote server. Original error: socket hang up",
    "trace": "OpenQA.Selenium.UnknownErrorException: An unknown server-side error occurred while processing the command. Original error: Could not proxy command to the remote server. Original error: socket hang up\r\n   at OpenQA.Selenium.WebDriver.UnpackAndThrowOnError(Response errorResponse, String commandToExecute)\r\n   at OpenQA.Selenium.WebDriver.ExecuteAsync(String driverCommandToExecute, Dictionary`2 parameters)\r\n   at OpenQA.Selenium.WebDriver.Execute(String driverCommandToExecute, Dictionary`2 parameters)\r\n   at OpenQA.Selenium.Appium.AppiumDriver.Execute(String driverCommandToExecute, Dictionary`2 parameters)\r\n   at OpenQA.Selenium.WebDriver.FindElement(String mechanism, String value)\r\n   at OpenQA.Selenium.Appium.AppiumDriver.FindElement(String by, String value)\r\n   at OpenQA.Selenium.Appium.MobileBy.FindElement(ISearchContext context)\r\n   at OpenQA.Selenium.Appium.ByAndroidUIAutomator.FindElement(ISearchContext context)\r\n   at OpenQA.Selenium.WebDriver.FindElement(By by)\r\n   at OpenQA.Selenium.Appium.AppiumDriver.FindElement(By by)\r\n   at ReqnrollTestMP.Helpers.controls.safeClick(String elementText) in C:\\Users\\iray\\source\\repos\\Automation\\ReqnrollTestMP\\ReqnrollTestMP\\Helpers\\controls.cs:line 18\r\n   at ReqnrollTestMP.StepDefinitions.stepdefinations.WhenClick(String aboutPlugin) in C:\\Users\\iray\\source\\repos\\Automation\\ReqnrollTestMP\\ReqnrollTestMP\\StepDefinitions\\stepdefinations.cs:line 21\r\n   at InvokeStub_Action`2.Invoke(Object, Span`1)\r\n   at System.Reflection.MethodBaseInvoker.InvokeWithFewArgs(Object obj, BindingFlags invokeAttr, Binder binder, Object[] parameters, CultureInfo culture)\r\n--- End of stack trace from previous location ---\r\n   at Reqnroll.Bindings.BindingInvoker.InvokeBindingAsync(IBinding binding, IContextManager contextManager, Object[] arguments, ITestTracer testTracer, DurationHolder durationHolder)\r\n   at Reqnroll.Infrastructure.TestExecutionEngine.ExecuteStepMatchAsync(BindingMatch match, Object[] arguments, DurationHolder durationHolder)\r\n   at Reqnroll.Infrastructure.TestExecutionEngine.ExecuteStepAsync(IContextManager contextManager, StepInstance stepInstance)\r\n   at Reqnroll.Infrastructure.TestExecutionEngine.OnAfterLastStepAsync()\r\n   at Reqnroll.TestRunner.CollectScenarioErrorsAsync()\r\n   at Allure.ReqnrollPlugin.SelectiveRun.TestPlanAwareTestRunner.CollectScenarioErrorsAsync()\r\n   at ReqnrollTestMP.Features.AboutPluginValidationsFeature.ScenarioCleanupAsync()\r\n   at ReqnrollTestMP.Features.AboutPluginValidationsFeature.ValidationsForBodyInHelpSectionInApp() in C:\\Users\\iray\\source\\repos\\Automation\\ReqnrollTestMP\\ReqnrollTestMP\\Features\\Aboutplugin.feature:line 10\r\n   at NUnit.Framework.Internal.TaskAwaitAdapter.GenericAdapter`1.GetResult()\r\n   at NUnit.Framework.Internal.AsyncToSyncAdapter.Await(Func`1 invoke)\r\n   at NUnit.Framework.Internal.Commands.TestMethodCommand.RunTestMethod(TestExecutionContext context)\r\n   at NUnit.Framework.Internal.Commands.TestMethodCommand.Execute(TestExecutionContext context)\r\n   at NUnit.Framework.Internal.Commands.BeforeAndAfterTestCommand.<>c__DisplayClass1_0.<Execute>b__0()\r\n   at NUnit.Framework.Internal.Commands.DelegatingTestCommand.RunTestMethodInThreadAbortSafeZone(TestExecutionContext context, Action action)"
  },
  "stage": "finished",
  "steps": [
    {
      "name": "Given app is launched",
      "status": "passed",
      "statusDetails": {
        "known": false,
        "muted": false,
        "flaky": false
      },
      "stage": "finished",
      "steps": [],
      "attachments": [],
      "parameters": [],
      "start": 1747048189034,
      "stop": 1747048190049
    },
    {
      "name": "When click \"AboutPlugin\"",
      "status": "broken",
      "statusDetails": {
        "known": false,
        "muted": false,
        "flaky": false,
        "message": "An unknown server-side error occurred while processing the command. Original error: Could not proxy command to the remote server. Original error: socket hang up",
        "trace": "OpenQA.Selenium.UnknownErrorException: An unknown server-side error occurred while processing the command. Original error: Could not proxy command to the remote server. Original error: socket hang up\r\n   at OpenQA.Selenium.WebDriver.UnpackAndThrowOnError(Response errorResponse, String commandToExecute)\r\n   at OpenQA.Selenium.WebDriver.ExecuteAsync(String driverCommandToExecute, Dictionary`2 parameters)\r\n   at OpenQA.Selenium.WebDriver.Execute(String driverCommandToExecute, Dictionary`2 parameters)\r\n   at OpenQA.Selenium.Appium.AppiumDriver.Execute(String driverCommandToExecute, Dictionary`2 parameters)\r\n   at OpenQA.Selenium.WebDriver.FindElement(String mechanism, String value)\r\n   at OpenQA.Selenium.Appium.AppiumDriver.FindElement(String by, String value)\r\n   at OpenQA.Selenium.Appium.MobileBy.FindElement(ISearchContext context)\r\n   at OpenQA.Selenium.Appium.ByAndroidUIAutomator.FindElement(ISearchContext context)\r\n   at OpenQA.Selenium.WebDriver.FindElement(By by)\r\n   at OpenQA.Selenium.Appium.AppiumDriver.FindElement(By by)\r\n   at ReqnrollTestMP.Helpers.controls.safeClick(String elementText) in C:\\Users\\iray\\source\\repos\\Automation\\ReqnrollTestMP\\ReqnrollTestMP\\Helpers\\controls.cs:line 18\r\n   at ReqnrollTestMP.StepDefinitions.stepdefinations.WhenClick(String aboutPlugin) in C:\\Users\\iray\\source\\repos\\Automation\\ReqnrollTestMP\\ReqnrollTestMP\\StepDefinitions\\stepdefinations.cs:line 21\r\n   at InvokeStub_Action`2.Invoke(Object, Span`1)\r\n   at System.Reflection.MethodBaseInvoker.InvokeWithFewArgs(Object obj, BindingFlags invokeAttr, Binder binder, Object[] parameters, CultureInfo culture)\r\n--- End of stack trace from previous location ---\r\n   at Reqnroll.Bindings.BindingInvoker.InvokeBindingAsync(IBinding binding, IContextManager contextManager, Object[] arguments, ITestTracer testTracer, DurationHolder durationHolder)\r\n   at Reqnroll.Infrastructure.TestExecutionEngine.ExecuteStepMatchAsync(BindingMatch match, Object[] arguments, DurationHolder durationHolder)\r\n   at Reqnroll.Infrastructure.TestExecutionEngine.ExecuteStepAsync(IContextManager contextManager, StepInstance stepInstance)"
      },
      "stage": "finished",
      "steps": [],
      "attachments": [],
      "parameters": [],
      "start": 1747048190049,
      "stop": 1747048190508
    },
    {
      "name": "Then It should display \"body\" in \"Help section in app\"",
      "status": "skipped",
      "statusDetails": {
        "known": false,
        "muted": false,
        "flaky": false
      },
      "stage": "finished",
      "steps": [],
      "attachments": [],
      "parameters": [],
      "start": 1747048190509,
      "stop": 1747048190509
    }
  ],
  "attachments": [],
  "parameters": [],
  "start": 1747048189034,
  "stop": 1747048190511
}